<?xml version="1.0" encoding="UTF-8"?>
<!-- Generated by org.testng.reporters.JUnitReportReporter -->
<testsuite hostname="pratik" name="reports.ExtentReport" tests="1" failures="0" timestamp="11 Nov 2022 11:50:03 GMT" time="1.329" errors="0">
  <testcase name="Extent" time="1.329" classname="reports.ExtentReport"/>
</testsuite> <!-- reports.ExtentReport -->
